2024-05-14 12:35:05.7514|DEBUG|BiddingService.Program|init main
2024-05-14 12:43:59.5342|DEBUG|BiddingService.Program|init main
2024-05-14 12:44:17.6803|DEBUG|BiddingService.Program|init main
2024-05-14 12:47:09.6998|DEBUG|BiddingService.Program|init main
2024-05-14 12:47:10.5948|DEBUG|Microsoft.AspNetCore.Mvc.ModelBinding.ModelBinderFactory|Registered model binder providers, in the following order: Microsoft.AspNetCore.Mvc.ModelBinding.Binders.BinderTypeModelBinderProvider, Microsoft.AspNetCore.Mvc.ModelBinding.Binders.ServicesModelBinderProvider, Microsoft.AspNetCore.Mvc.ModelBinding.Binders.BodyModelBinderProvider, Microsoft.AspNetCore.Mvc.ModelBinding.Binders.HeaderModelBinderProvider, Microsoft.AspNetCore.Mvc.ModelBinding.Binders.FloatingPointTypeModelBinderProvider, Microsoft.AspNetCore.Mvc.ModelBinding.Binders.EnumTypeModelBinderProvider, Microsoft.AspNetCore.Mvc.ModelBinding.Binders.DateTimeModelBinderProvider, Microsoft.AspNetCore.Mvc.ModelBinding.Binders.SimpleTypeModelBinderProvider, Microsoft.AspNetCore.Mvc.ModelBinding.Binders.TryParseModelBinderProvider, Microsoft.AspNetCore.Mvc.ModelBinding.Binders.CancellationTokenModelBinderProvider, Microsoft.AspNetCore.Mvc.ModelBinding.Binders.ByteArrayModelBinderProvider, Microsoft.AspNetCore.Mvc.ModelBinding.Binders.FormFileModelBinderProvider, Microsoft.AspNetCore.Mvc.ModelBinding.Binders.FormCollectionModelBinderProvider, Microsoft.AspNetCore.Mvc.ModelBinding.Binders.KeyValuePairModelBinderProvider, Microsoft.AspNetCore.Mvc.ModelBinding.Binders.DictionaryModelBinderProvider, Microsoft.AspNetCore.Mvc.ModelBinding.Binders.ArrayModelBinderProvider, Microsoft.AspNetCore.Mvc.ModelBinding.Binders.CollectionModelBinderProvider, Microsoft.AspNetCore.Mvc.ModelBinding.Binders.ComplexObjectModelBinderProvider
2024-05-14 12:47:10.6692|DEBUG|Microsoft.Extensions.Hosting.Internal.Host|Hosting starting
2024-05-14 12:47:10.6996|INFO|Microsoft.AspNetCore.DataProtection.KeyManagement.XmlKeyManager|User profile is available. Using 'C:\Users\Claras PC\AppData\Local\ASP.NET\DataProtection-Keys' as key repository and Windows DPAPI to encrypt keys at rest.
2024-05-14 12:47:10.7190|DEBUG|Microsoft.AspNetCore.DataProtection.Repositories.FileSystemXmlRepository|Reading data from file 'C:\Users\Claras PC\AppData\Local\ASP.NET\DataProtection-Keys\key-00938bdf-98fe-4ed7-bd18-567c755e8dae.xml'.
2024-05-14 12:47:10.7994|DEBUG|Microsoft.AspNetCore.DataProtection.Repositories.FileSystemXmlRepository|Reading data from file 'C:\Users\Claras PC\AppData\Local\ASP.NET\DataProtection-Keys\key-202e778a-2ced-4d36-9ca2-13780531bd1e.xml'.
2024-05-14 12:47:10.8244|DEBUG|Microsoft.AspNetCore.DataProtection.Repositories.FileSystemXmlRepository|Reading data from file 'C:\Users\Claras PC\AppData\Local\ASP.NET\DataProtection-Keys\key-ec9528b5-4d07-4d15-b274-828eed4272d7.xml'.
2024-05-14 12:47:10.8591|DEBUG|Microsoft.AspNetCore.DataProtection.KeyManagement.XmlKeyManager|Found key {00938bdf-98fe-4ed7-bd18-567c755e8dae}.
2024-05-14 12:47:10.8690|DEBUG|Microsoft.AspNetCore.DataProtection.KeyManagement.XmlKeyManager|Found key {202e778a-2ced-4d36-9ca2-13780531bd1e}.
2024-05-14 12:47:10.8690|DEBUG|Microsoft.AspNetCore.DataProtection.KeyManagement.XmlKeyManager|Found key {ec9528b5-4d07-4d15-b274-828eed4272d7}.
2024-05-14 12:47:10.8852|DEBUG|Microsoft.AspNetCore.DataProtection.KeyManagement.DefaultKeyResolver|Considering key {ec9528b5-4d07-4d15-b274-828eed4272d7} with expiration date 2024-08-05 10:42:18Z as default key.
2024-05-14 12:47:10.8852|DEBUG|Microsoft.AspNetCore.DataProtection.TypeForwardingActivator|Forwarded activator type request from Microsoft.AspNetCore.DataProtection.XmlEncryption.DpapiXmlDecryptor, Microsoft.AspNetCore.DataProtection, Version=8.0.0.0, Culture=neutral, PublicKeyToken=adb9793829ddae60 to Microsoft.AspNetCore.DataProtection.XmlEncryption.DpapiXmlDecryptor, Microsoft.AspNetCore.DataProtection, Culture=neutral, PublicKeyToken=adb9793829ddae60
2024-05-14 12:47:10.8852|DEBUG|Microsoft.AspNetCore.DataProtection.XmlEncryption.DpapiXmlDecryptor|Decrypting secret element using Windows DPAPI.
2024-05-14 12:47:10.8933|DEBUG|Microsoft.AspNetCore.DataProtection.TypeForwardingActivator|Forwarded activator type request from Microsoft.AspNetCore.DataProtection.AuthenticatedEncryption.ConfigurationModel.AuthenticatedEncryptorDescriptorDeserializer, Microsoft.AspNetCore.DataProtection, Version=8.0.0.0, Culture=neutral, PublicKeyToken=adb9793829ddae60 to Microsoft.AspNetCore.DataProtection.AuthenticatedEncryption.ConfigurationModel.AuthenticatedEncryptorDescriptorDeserializer, Microsoft.AspNetCore.DataProtection, Culture=neutral, PublicKeyToken=adb9793829ddae60
2024-05-14 12:47:10.8933|DEBUG|Microsoft.AspNetCore.DataProtection.AuthenticatedEncryption.CngCbcAuthenticatedEncryptorFactory|Opening CNG algorithm 'AES' from provider '(null)' with chaining mode CBC.
2024-05-14 12:47:10.8933|DEBUG|Microsoft.AspNetCore.DataProtection.AuthenticatedEncryption.CngCbcAuthenticatedEncryptorFactory|Opening CNG algorithm 'SHA256' from provider '(null)' with HMAC.
2024-05-14 12:47:10.8933|DEBUG|Microsoft.AspNetCore.DataProtection.KeyManagement.KeyRingProvider|Using key {ec9528b5-4d07-4d15-b274-828eed4272d7} as the default key.
2024-05-14 12:47:10.8933|DEBUG|Microsoft.AspNetCore.DataProtection.Internal.DataProtectionHostedService|Key ring with default key {ec9528b5-4d07-4d15-b274-828eed4272d7} was loaded during application startup.
2024-05-14 12:47:11.1015|INFO|Microsoft.Hosting.Lifetime|Now listening on: https://localhost:7241
2024-05-14 12:47:11.1015|INFO|Microsoft.Hosting.Lifetime|Now listening on: http://localhost:5143
2024-05-14 12:47:11.1015|DEBUG|Microsoft.AspNetCore.Hosting.Diagnostics|Loaded hosting startup assembly BiddingService
2024-05-14 12:47:11.1015|DEBUG|Microsoft.AspNetCore.Hosting.Diagnostics|Loaded hosting startup assembly Microsoft.WebTools.ApiEndpointDiscovery
2024-05-14 12:47:11.1015|DEBUG|Microsoft.AspNetCore.Hosting.Diagnostics|Loaded hosting startup assembly Microsoft.AspNetCore.Watch.BrowserRefresh
2024-05-14 12:47:11.1015|DEBUG|Microsoft.AspNetCore.Hosting.Diagnostics|Loaded hosting startup assembly Microsoft.WebTools.BrowserLink.Net
2024-05-14 12:47:11.1431|INFO|Microsoft.Hosting.Lifetime|Application started. Press Ctrl+C to shut down.
2024-05-14 12:47:11.1435|INFO|Microsoft.Hosting.Lifetime|Hosting environment: Development
2024-05-14 12:47:11.1435|INFO|Microsoft.Hosting.Lifetime|Content root path: C:\Users\Claras PC\Desktop\4 semester\projekt\biddingservice\MicroservicesWEBAPITemplate
2024-05-14 12:47:11.1435|DEBUG|Microsoft.Extensions.Hosting.Internal.Host|Hosting started
2024-05-14 12:47:11.5923|DEBUG|Microsoft.AspNetCore.Server.Kestrel.Connections|Connection id "0HN3K0CQSJS98" accepted.
2024-05-14 12:47:11.5923|DEBUG|Microsoft.AspNetCore.Server.Kestrel.Connections|Connection id "0HN3K0CQSJS97" accepted.
2024-05-14 12:47:11.5923|DEBUG|Microsoft.AspNetCore.Server.Kestrel.Connections|Connection id "0HN3K0CQSJS97" started.
2024-05-14 12:47:11.5923|DEBUG|Microsoft.AspNetCore.Server.Kestrel.Connections|Connection id "0HN3K0CQSJS98" started.
2024-05-14 12:47:11.6015|DEBUG|Microsoft.AspNetCore.Server.Kestrel.Transport.Sockets|Connection id "0HN3K0CQSJS98" received FIN.
2024-05-14 12:47:11.6015|DEBUG|Microsoft.AspNetCore.Server.Kestrel.Transport.Sockets|Connection id "0HN3K0CQSJS97" received FIN.
2024-05-14 12:47:11.6015|DEBUG|Microsoft.AspNetCore.Server.Kestrel.Https.Internal.HttpsConnectionMiddleware|Failed to authenticate HTTPS connection.|System.IO.IOException: Received an unexpected EOF or 0 bytes from the transport stream.
   at System.Net.Security.SslStream.ReceiveHandshakeFrameAsync[TIOAdapter](CancellationToken cancellationToken)
   at System.Net.Security.SslStream.ForceAuthenticationAsync[TIOAdapter](Boolean receiveFirst, Byte[] reAuthenticationData, CancellationToken cancellationToken)
   at Microsoft.AspNetCore.Server.Kestrel.Https.Internal.HttpsConnectionMiddleware.OnConnectionAsync(ConnectionContext context)
2024-05-14 12:47:11.6015|DEBUG|Microsoft.AspNetCore.Server.Kestrel.Https.Internal.HttpsConnectionMiddleware|Failed to authenticate HTTPS connection.|System.IO.IOException: Received an unexpected EOF or 0 bytes from the transport stream.
   at System.Net.Security.SslStream.ReceiveHandshakeFrameAsync[TIOAdapter](CancellationToken cancellationToken)
   at System.Net.Security.SslStream.ForceAuthenticationAsync[TIOAdapter](Boolean receiveFirst, Byte[] reAuthenticationData, CancellationToken cancellationToken)
   at Microsoft.AspNetCore.Server.Kestrel.Https.Internal.HttpsConnectionMiddleware.OnConnectionAsync(ConnectionContext context)
2024-05-14 12:47:11.6293|DEBUG|Microsoft.AspNetCore.Server.Kestrel.Connections|Connection id "0HN3K0CQSJS97" stopped.
2024-05-14 12:47:11.6293|DEBUG|Microsoft.AspNetCore.Server.Kestrel.Connections|Connection id "0HN3K0CQSJS98" stopped.
2024-05-14 12:47:11.6293|DEBUG|Microsoft.AspNetCore.Server.Kestrel.Transport.Sockets|Connection id "0HN3K0CQSJS97" sending FIN because: "The Socket transport's send loop completed gracefully."
2024-05-14 12:47:11.6293|DEBUG|Microsoft.AspNetCore.Server.Kestrel.Transport.Sockets|Connection id "0HN3K0CQSJS98" sending FIN because: "The Socket transport's send loop completed gracefully."
2024-05-14 12:47:13.3881|DEBUG|Microsoft.AspNetCore.Server.Kestrel.Connections|Connection id "0HN3K0CQSJS99" accepted.
2024-05-14 12:47:13.3881|DEBUG|Microsoft.AspNetCore.Server.Kestrel.Connections|Connection id "0HN3K0CQSJS99" started.
2024-05-14 12:47:13.4806|DEBUG|Microsoft.AspNetCore.Server.Kestrel.Https.Internal.HttpsConnectionMiddleware|Connection 0HN3K0CQSJS99 established using the following protocol: Tls12
2024-05-14 12:47:13.6364|INFO|Microsoft.AspNetCore.Hosting.Diagnostics|Request starting HTTP/2 GET https://localhost:7241/swagger - - -
2024-05-14 12:47:13.7876|DEBUG|Microsoft.AspNetCore.HostFiltering.HostFilteringMiddleware|Wildcard detected, all requests with hosts will be allowed.
2024-05-14 12:47:13.8161|DEBUG|Microsoft.AspNetCore.Routing.Matching.DfaMatcher|No candidates found for the request path '/swagger'
2024-05-14 12:47:13.8161|DEBUG|Microsoft.AspNetCore.Routing.EndpointRoutingMiddleware|Request did not match any endpoints
2024-05-14 12:47:13.8727|INFO|Microsoft.AspNetCore.Hosting.Diagnostics|Request finished HTTP/2 GET https://localhost:7241/swagger - 301 0 - 238.9839ms
2024-05-14 12:47:13.8966|INFO|Microsoft.AspNetCore.Hosting.Diagnostics|Request starting HTTP/2 GET https://localhost:7241/swagger/index.html - - -
2024-05-14 12:47:13.8966|DEBUG|Microsoft.AspNetCore.Routing.Matching.DfaMatcher|No candidates found for the request path '/swagger/index.html'
2024-05-14 12:47:13.8966|DEBUG|Microsoft.AspNetCore.Routing.EndpointRoutingMiddleware|Request did not match any endpoints
2024-05-14 12:47:13.9688|DEBUG|Microsoft.WebTools.BrowserLink.Net.BrowserLinkMiddleware|Response markup is scheduled to include Browser Link script injection.
2024-05-14 12:47:13.9688|DEBUG|Microsoft.AspNetCore.Watch.BrowserRefresh.BrowserRefreshMiddleware|Response markup is scheduled to include browser refresh script injection.
2024-05-14 12:47:14.0147|DEBUG|Microsoft.WebTools.BrowserLink.Net.BrowserLinkMiddleware|Response markup was updated to include Browser Link script injection.
2024-05-14 12:47:14.0147|DEBUG|Microsoft.AspNetCore.Watch.BrowserRefresh.BrowserRefreshMiddleware|Response markup was updated to include browser refresh script injection.
2024-05-14 12:47:14.0147|INFO|Microsoft.AspNetCore.Hosting.Diagnostics|Request finished HTTP/2 GET https://localhost:7241/swagger/index.html - 200 - text/html;charset=utf-8 120.0480ms
2024-05-14 12:47:14.0364|INFO|Microsoft.AspNetCore.Hosting.Diagnostics|Request starting HTTP/2 GET https://localhost:7241/swagger/swagger-ui.css - - -
2024-05-14 12:47:14.0364|INFO|Microsoft.AspNetCore.Hosting.Diagnostics|Request starting HTTP/2 GET https://localhost:7241/swagger/swagger-ui-bundle.js - - -
2024-05-14 12:47:14.0364|INFO|Microsoft.AspNetCore.Hosting.Diagnostics|Request starting HTTP/2 GET https://localhost:7241/swagger/swagger-ui-standalone-preset.js - - -
2024-05-14 12:47:14.0364|DEBUG|Microsoft.AspNetCore.Routing.Matching.DfaMatcher|No candidates found for the request path '/swagger/swagger-ui.css'
2024-05-14 12:47:14.0364|DEBUG|Microsoft.AspNetCore.Routing.EndpointRoutingMiddleware|Request did not match any endpoints
2024-05-14 12:47:14.0364|DEBUG|Microsoft.AspNetCore.Routing.Matching.DfaMatcher|No candidates found for the request path '/swagger/swagger-ui-bundle.js'
2024-05-14 12:47:14.0364|DEBUG|Microsoft.AspNetCore.Routing.EndpointRoutingMiddleware|Request did not match any endpoints
2024-05-14 12:47:14.0364|DEBUG|Microsoft.AspNetCore.Routing.Matching.DfaMatcher|No candidates found for the request path '/swagger/swagger-ui-standalone-preset.js'
2024-05-14 12:47:14.0364|DEBUG|Microsoft.AspNetCore.Routing.EndpointRoutingMiddleware|Request did not match any endpoints
2024-05-14 12:47:14.0637|INFO|Microsoft.AspNetCore.StaticFiles.StaticFileMiddleware|Sending file. Request path: '/swagger-ui.css'. Physical path: 'N/A'
2024-05-14 12:47:14.0659|INFO|Microsoft.AspNetCore.StaticFiles.StaticFileMiddleware|Sending file. Request path: '/swagger-ui-standalone-preset.js'. Physical path: 'N/A'
2024-05-14 12:47:14.0859|INFO|Microsoft.AspNetCore.Hosting.Diagnostics|Request finished HTTP/2 GET https://localhost:7241/swagger/swagger-ui.css - 200 143943 text/css 49.4553ms
2024-05-14 12:47:14.0859|INFO|Microsoft.AspNetCore.StaticFiles.StaticFileMiddleware|Sending file. Request path: '/swagger-ui-bundle.js'. Physical path: 'N/A'
2024-05-14 12:47:14.0859|INFO|Microsoft.AspNetCore.Hosting.Diagnostics|Request finished HTTP/2 GET https://localhost:7241/swagger/swagger-ui-standalone-preset.js - 200 339486 text/javascript 50.7209ms
2024-05-14 12:47:14.0859|INFO|Microsoft.AspNetCore.Hosting.Diagnostics|Request finished HTTP/2 GET https://localhost:7241/swagger/swagger-ui-bundle.js - 200 1096145 text/javascript 53.4990ms
2024-05-14 12:47:14.2710|INFO|Microsoft.AspNetCore.Hosting.Diagnostics|Request starting HTTP/2 GET https://localhost:7241/_vs/browserLink - - -
2024-05-14 12:47:14.2710|INFO|Microsoft.AspNetCore.Hosting.Diagnostics|Request starting HTTP/2 GET https://localhost:7241/_framework/aspnetcore-browser-refresh.js - - -
2024-05-14 12:47:14.2880|INFO|Microsoft.AspNetCore.Hosting.Diagnostics|Request finished HTTP/2 GET https://localhost:7241/_framework/aspnetcore-browser-refresh.js - 200 13764 application/javascript;+charset=utf-8 13.1010ms
2024-05-14 12:47:14.6209|INFO|Microsoft.AspNetCore.Hosting.Diagnostics|Request finished HTTP/2 GET https://localhost:7241/_vs/browserLink - 200 - text/javascript;+charset=UTF-8 349.8520ms
2024-05-14 12:47:14.7294|INFO|Microsoft.AspNetCore.Hosting.Diagnostics|Request starting HTTP/2 GET https://localhost:7241/swagger/v1/swagger.json - - -
2024-05-14 12:47:14.7294|DEBUG|Microsoft.AspNetCore.Routing.Matching.DfaMatcher|No candidates found for the request path '/swagger/v1/swagger.json'
2024-05-14 12:47:14.7294|DEBUG|Microsoft.AspNetCore.Routing.EndpointRoutingMiddleware|Request did not match any endpoints
2024-05-14 12:47:14.8646|INFO|Microsoft.AspNetCore.Hosting.Diagnostics|Request starting HTTP/2 GET https://localhost:7241/swagger/favicon-32x32.png - - -
2024-05-14 12:47:14.8646|DEBUG|Microsoft.AspNetCore.Routing.Matching.DfaMatcher|No candidates found for the request path '/swagger/favicon-32x32.png'
2024-05-14 12:47:14.8646|DEBUG|Microsoft.AspNetCore.Routing.EndpointRoutingMiddleware|Request did not match any endpoints
2024-05-14 12:47:14.8646|INFO|Microsoft.AspNetCore.StaticFiles.StaticFileMiddleware|Sending file. Request path: '/favicon-32x32.png'. Physical path: 'N/A'
2024-05-14 12:47:14.8975|INFO|Microsoft.AspNetCore.Hosting.Diagnostics|Request finished HTTP/2 GET https://localhost:7241/swagger/favicon-32x32.png - 200 628 image/png 32.8834ms
2024-05-14 12:47:15.0128|INFO|Microsoft.AspNetCore.Hosting.Diagnostics|Request finished HTTP/2 GET https://localhost:7241/swagger/v1/swagger.json - 200 - application/json;charset=utf-8 283.3179ms
2024-05-14 12:47:20.6213|DEBUG|Microsoft.AspNetCore.Server.Kestrel.Transport.Sockets|Connection id "0HN3K0CQSJS99" received FIN.
2024-05-14 12:47:20.6335|DEBUG|Microsoft.AspNetCore.Server.Kestrel.Http2|The connection queue processing loop for 0HN3K0CQSJS99 completed.
2024-05-14 12:47:20.6335|DEBUG|Microsoft.AspNetCore.Server.Kestrel.Http2|Connection id "0HN3K0CQSJS99" is closed. The last processed stream ID was 17.
2024-05-14 12:47:20.6335|DEBUG|Microsoft.AspNetCore.Server.Kestrel.Transport.Sockets|Connection id "0HN3K0CQSJS99" sending FIN because: "The Socket transport's send loop completed gracefully."
2024-05-14 12:47:20.6519|DEBUG|Microsoft.AspNetCore.Server.Kestrel.Connections|Connection id "0HN3K0CQSJS99" stopped.
2024-05-14 12:47:54.1692|DEBUG|Microsoft.AspNetCore.Server.Kestrel.Connections|Connection id "0HN3K0CQSJS9A" accepted.
2024-05-14 12:47:54.1692|DEBUG|Microsoft.AspNetCore.Server.Kestrel.Connections|Connection id "0HN3K0CQSJS9A" started.
2024-05-14 12:47:54.1748|DEBUG|Microsoft.AspNetCore.Server.Kestrel.Https.Internal.HttpsConnectionMiddleware|Connection 0HN3K0CQSJS9A established using the following protocol: Tls12
2024-05-14 12:47:54.1748|INFO|Microsoft.AspNetCore.Hosting.Diagnostics|Request starting HTTP/2 POST https://localhost:7241/api/Bidding - application/json 96
2024-05-14 12:47:54.1916|DEBUG|Microsoft.AspNetCore.Routing.Matching.DfaMatcher|1 candidate(s) found for the request path '/api/Bidding'
2024-05-14 12:47:54.1916|DEBUG|Microsoft.AspNetCore.Routing.Matching.DfaMatcher|Endpoint 'BiddingService.Controllers.BiddingController.PlaceBid (BiddingService)' with route pattern 'api/Bidding' is valid for the request path '/api/Bidding'
2024-05-14 12:47:54.1916|DEBUG|Microsoft.AspNetCore.Routing.EndpointRoutingMiddleware|Request matched endpoint 'BiddingService.Controllers.BiddingController.PlaceBid (BiddingService)'
2024-05-14 12:47:54.1916|DEBUG|Microsoft.AspNetCore.StaticFiles.StaticFileMiddleware|Static files was skipped as the request already matched an endpoint.
2024-05-14 12:47:54.3352|DEBUG|Microsoft.AspNetCore.Authentication.JwtBearer.JwtBearerHandler|AuthenticationScheme: Bearer was not authenticated.
2024-05-14 12:47:54.3352|INFO|Microsoft.AspNetCore.Routing.EndpointMiddleware|Executing endpoint 'BiddingService.Controllers.BiddingController.PlaceBid (BiddingService)'
2024-05-14 12:47:54.4016|INFO|Microsoft.AspNetCore.Mvc.Infrastructure.ControllerActionInvoker|Route matched with {action = "PlaceBid", controller = "Bidding"}. Executing controller action with signature System.Threading.Tasks.Task`1[Microsoft.AspNetCore.Mvc.IActionResult] PlaceBid(BiddingService.Models.Bid) on controller BiddingService.Controllers.BiddingController (BiddingService).
2024-05-14 12:47:54.4016|DEBUG|Microsoft.AspNetCore.Mvc.Infrastructure.ControllerActionInvoker|Execution plan of authorization filters (in the following order): None
2024-05-14 12:47:54.4016|DEBUG|Microsoft.AspNetCore.Mvc.Infrastructure.ControllerActionInvoker|Execution plan of resource filters (in the following order): None
2024-05-14 12:47:54.4094|DEBUG|Microsoft.AspNetCore.Mvc.Infrastructure.ControllerActionInvoker|Execution plan of action filters (in the following order): Microsoft.AspNetCore.Mvc.ModelBinding.UnsupportedContentTypeFilter (Order: -3000), Microsoft.AspNetCore.Mvc.Infrastructure.ModelStateInvalidFilter (Order: -2000)
2024-05-14 12:47:54.4094|DEBUG|Microsoft.AspNetCore.Mvc.Infrastructure.ControllerActionInvoker|Execution plan of exception filters (in the following order): None
2024-05-14 12:47:54.4094|DEBUG|Microsoft.AspNetCore.Mvc.Infrastructure.ControllerActionInvoker|Execution plan of result filters (in the following order): Microsoft.AspNetCore.Mvc.Infrastructure.ClientErrorResultFilter (Order: -2000)
2024-05-14 12:47:54.4094|DEBUG|Microsoft.AspNetCore.Mvc.Infrastructure.ControllerActionInvoker|Executing controller factory for controller BiddingService.Controllers.BiddingController (BiddingService)
2024-05-14 12:47:54.7196|DEBUG|Microsoft.AspNetCore.Mvc.Infrastructure.ControllerActionInvoker|Executed controller factory for controller BiddingService.Controllers.BiddingController (BiddingService)
2024-05-14 12:47:54.7382|DEBUG|Microsoft.AspNetCore.Mvc.ModelBinding.ParameterBinder|Attempting to bind parameter 'bid' of type 'BiddingService.Models.Bid' ...
2024-05-14 12:47:54.7382|DEBUG|Microsoft.AspNetCore.Mvc.ModelBinding.Binders.BodyModelBinder|Attempting to bind parameter 'bid' of type 'BiddingService.Models.Bid' using the name '' in request data ...
2024-05-14 12:47:54.7382|DEBUG|Microsoft.AspNetCore.Mvc.ModelBinding.Binders.BodyModelBinder|Selected input formatter 'Microsoft.AspNetCore.Mvc.Formatters.SystemTextJsonInputFormatter' for content type 'application/json'.
2024-05-14 12:47:54.7576|DEBUG|Microsoft.AspNetCore.Server.Kestrel|Connection id "0HN3K0CQSJS9A", Request id "0HN3K0CQSJS9A:00000001": started reading request body.
2024-05-14 12:47:54.7576|DEBUG|Microsoft.AspNetCore.Server.Kestrel|Connection id "0HN3K0CQSJS9A", Request id "0HN3K0CQSJS9A:00000001": done reading request body.
2024-05-14 12:47:54.7576|DEBUG|Microsoft.AspNetCore.Mvc.Formatters.SystemTextJsonInputFormatter|JSON input formatter succeeded, deserializing to type 'BiddingService.Models.Bid'
2024-05-14 12:47:54.7576|DEBUG|Microsoft.AspNetCore.Mvc.ModelBinding.Binders.BodyModelBinder|Done attempting to bind parameter 'bid' of type 'BiddingService.Models.Bid'.
2024-05-14 12:47:54.7576|DEBUG|Microsoft.AspNetCore.Mvc.ModelBinding.ParameterBinder|Done attempting to bind parameter 'bid' of type 'BiddingService.Models.Bid'.
2024-05-14 12:47:54.7576|DEBUG|Microsoft.AspNetCore.Mvc.ModelBinding.ParameterBinder|Attempting to validate the bound parameter 'bid' of type 'BiddingService.Models.Bid' ...
2024-05-14 12:47:54.7805|DEBUG|Microsoft.AspNetCore.Mvc.ModelBinding.ParameterBinder|Done attempting to validate the bound parameter 'bid' of type 'BiddingService.Models.Bid'.
2024-05-14 12:47:55.2954|DEBUG|Microsoft.AspNetCore.Mvc.Infrastructure.DefaultOutputFormatterSelector|List of registered output formatters, in the following order: Microsoft.AspNetCore.Mvc.Formatters.HttpNoContentOutputFormatter, Microsoft.AspNetCore.Mvc.Formatters.StringOutputFormatter, Microsoft.AspNetCore.Mvc.Formatters.StreamOutputFormatter, Microsoft.AspNetCore.Mvc.Formatters.SystemTextJsonOutputFormatter
2024-05-14 12:47:55.2954|DEBUG|Microsoft.AspNetCore.Mvc.Infrastructure.DefaultOutputFormatterSelector|No information found on request to perform content negotiation.
2024-05-14 12:47:55.2954|DEBUG|Microsoft.AspNetCore.Mvc.Infrastructure.DefaultOutputFormatterSelector|Attempting to select an output formatter without using a content type as no explicit content types were specified for the response.
2024-05-14 12:47:55.2954|DEBUG|Microsoft.AspNetCore.Mvc.Infrastructure.DefaultOutputFormatterSelector|Attempting to select the first formatter in the output formatters list which can write the result.
2024-05-14 12:47:55.2993|DEBUG|Microsoft.AspNetCore.Mvc.Infrastructure.DefaultOutputFormatterSelector|Selected output formatter 'Microsoft.AspNetCore.Mvc.Formatters.SystemTextJsonOutputFormatter' and content type 'application/json' to write the response.
2024-05-14 12:47:55.2993|INFO|Microsoft.AspNetCore.Mvc.Infrastructure.ObjectResultExecutor|Executing OkObjectResult, writing value of type 'BiddingService.Models.Bid'.
2024-05-14 12:47:55.3252|INFO|Microsoft.AspNetCore.Mvc.Infrastructure.ControllerActionInvoker|Executed action BiddingService.Controllers.BiddingController.PlaceBid (BiddingService) in 898.6991ms
2024-05-14 12:47:55.3252|INFO|Microsoft.AspNetCore.Routing.EndpointMiddleware|Executed endpoint 'BiddingService.Controllers.BiddingController.PlaceBid (BiddingService)'
2024-05-14 12:47:55.3252|INFO|Microsoft.AspNetCore.Hosting.Diagnostics|Request finished HTTP/2 POST https://localhost:7241/api/Bidding - 200 - application/json;+charset=utf-8 1151.1388ms
2024-05-14 12:48:00.6722|DEBUG|Microsoft.AspNetCore.Server.Kestrel.Transport.Sockets|Connection id "0HN3K0CQSJS9A" received FIN.
2024-05-14 12:48:00.6744|DEBUG|Microsoft.AspNetCore.Server.Kestrel.Http2|Connection id "0HN3K0CQSJS9A" is closed. The last processed stream ID was 1.
2024-05-14 12:48:00.6744|DEBUG|Microsoft.AspNetCore.Server.Kestrel.Http2|The connection queue processing loop for 0HN3K0CQSJS9A completed.
2024-05-14 12:48:00.6744|DEBUG|Microsoft.AspNetCore.Server.Kestrel.Transport.Sockets|Connection id "0HN3K0CQSJS9A" sending FIN because: "The Socket transport's send loop completed gracefully."
2024-05-14 12:48:00.6744|DEBUG|Microsoft.AspNetCore.Server.Kestrel.Connections|Connection id "0HN3K0CQSJS9A" stopped.
2024-05-14 13:33:04.7869|DEBUG|Microsoft.AspNetCore.Server.Kestrel.Connections|Connection id "0HN3K0CQSJS9B" accepted.
2024-05-14 13:33:04.7869|DEBUG|Microsoft.AspNetCore.Server.Kestrel.Connections|Connection id "0HN3K0CQSJS9B" started.
2024-05-14 13:33:04.7869|DEBUG|Microsoft.AspNetCore.Server.Kestrel.Https.Internal.HttpsConnectionMiddleware|Connection 0HN3K0CQSJS9B established using the following protocol: Tls12
2024-05-14 13:33:04.7869|INFO|Microsoft.AspNetCore.Hosting.Diagnostics|Request starting HTTP/2 POST https://localhost:7241/api/Bidding - application/json 96
2024-05-14 13:33:04.8008|DEBUG|Microsoft.AspNetCore.Routing.Matching.DfaMatcher|1 candidate(s) found for the request path '/api/Bidding'
2024-05-14 13:33:04.8008|DEBUG|Microsoft.AspNetCore.Routing.Matching.DfaMatcher|Endpoint 'BiddingService.Controllers.BiddingController.PlaceBid (BiddingService)' with route pattern 'api/Bidding' is valid for the request path '/api/Bidding'
2024-05-14 13:33:04.8008|DEBUG|Microsoft.AspNetCore.Routing.EndpointRoutingMiddleware|Request matched endpoint 'BiddingService.Controllers.BiddingController.PlaceBid (BiddingService)'
2024-05-14 13:33:04.8008|DEBUG|Microsoft.AspNetCore.StaticFiles.StaticFileMiddleware|Static files was skipped as the request already matched an endpoint.
2024-05-14 13:33:04.8008|DEBUG|Microsoft.AspNetCore.Authentication.JwtBearer.JwtBearerHandler|AuthenticationScheme: Bearer was not authenticated.
2024-05-14 13:33:04.8008|INFO|Microsoft.AspNetCore.Routing.EndpointMiddleware|Executing endpoint 'BiddingService.Controllers.BiddingController.PlaceBid (BiddingService)'
2024-05-14 13:33:04.8008|INFO|Microsoft.AspNetCore.Mvc.Infrastructure.ControllerActionInvoker|Route matched with {action = "PlaceBid", controller = "Bidding"}. Executing controller action with signature System.Threading.Tasks.Task`1[Microsoft.AspNetCore.Mvc.IActionResult] PlaceBid(BiddingService.Models.Bid) on controller BiddingService.Controllers.BiddingController (BiddingService).
2024-05-14 13:33:04.8163|DEBUG|Microsoft.AspNetCore.Mvc.Infrastructure.ControllerActionInvoker|Execution plan of authorization filters (in the following order): None
2024-05-14 13:33:04.8163|DEBUG|Microsoft.AspNetCore.Mvc.Infrastructure.ControllerActionInvoker|Execution plan of resource filters (in the following order): None
2024-05-14 13:33:04.8163|DEBUG|Microsoft.AspNetCore.Mvc.Infrastructure.ControllerActionInvoker|Execution plan of action filters (in the following order): Microsoft.AspNetCore.Mvc.ModelBinding.UnsupportedContentTypeFilter (Order: -3000), Microsoft.AspNetCore.Mvc.Infrastructure.ModelStateInvalidFilter (Order: -2000)
2024-05-14 13:33:04.8163|DEBUG|Microsoft.AspNetCore.Mvc.Infrastructure.ControllerActionInvoker|Execution plan of exception filters (in the following order): None
2024-05-14 13:33:04.8163|DEBUG|Microsoft.AspNetCore.Mvc.Infrastructure.ControllerActionInvoker|Execution plan of result filters (in the following order): Microsoft.AspNetCore.Mvc.Infrastructure.ClientErrorResultFilter (Order: -2000)
2024-05-14 13:33:04.8163|DEBUG|Microsoft.AspNetCore.Mvc.Infrastructure.ControllerActionInvoker|Executing controller factory for controller BiddingService.Controllers.BiddingController (BiddingService)
2024-05-14 13:33:04.8163|DEBUG|Microsoft.AspNetCore.Mvc.Infrastructure.ControllerActionInvoker|Executed controller factory for controller BiddingService.Controllers.BiddingController (BiddingService)
2024-05-14 13:33:04.8163|DEBUG|Microsoft.AspNetCore.Mvc.ModelBinding.ParameterBinder|Attempting to bind parameter 'bid' of type 'BiddingService.Models.Bid' ...
2024-05-14 13:33:04.8163|DEBUG|Microsoft.AspNetCore.Mvc.ModelBinding.Binders.BodyModelBinder|Attempting to bind parameter 'bid' of type 'BiddingService.Models.Bid' using the name '' in request data ...
2024-05-14 13:33:04.8163|DEBUG|Microsoft.AspNetCore.Mvc.ModelBinding.Binders.BodyModelBinder|Selected input formatter 'Microsoft.AspNetCore.Mvc.Formatters.SystemTextJsonInputFormatter' for content type 'application/json'.
2024-05-14 13:33:04.8163|DEBUG|Microsoft.AspNetCore.Server.Kestrel|Connection id "0HN3K0CQSJS9B", Request id "0HN3K0CQSJS9B:00000001": started reading request body.
2024-05-14 13:33:04.8163|DEBUG|Microsoft.AspNetCore.Server.Kestrel|Connection id "0HN3K0CQSJS9B", Request id "0HN3K0CQSJS9B:00000001": done reading request body.
2024-05-14 13:33:04.8163|DEBUG|Microsoft.AspNetCore.Mvc.Formatters.SystemTextJsonInputFormatter|JSON input formatter succeeded, deserializing to type 'BiddingService.Models.Bid'
2024-05-14 13:33:04.8163|DEBUG|Microsoft.AspNetCore.Mvc.ModelBinding.Binders.BodyModelBinder|Done attempting to bind parameter 'bid' of type 'BiddingService.Models.Bid'.
2024-05-14 13:33:04.8163|DEBUG|Microsoft.AspNetCore.Mvc.ModelBinding.ParameterBinder|Done attempting to bind parameter 'bid' of type 'BiddingService.Models.Bid'.
2024-05-14 13:33:04.8163|DEBUG|Microsoft.AspNetCore.Mvc.ModelBinding.ParameterBinder|Attempting to validate the bound parameter 'bid' of type 'BiddingService.Models.Bid' ...
2024-05-14 13:33:04.8163|DEBUG|Microsoft.AspNetCore.Mvc.ModelBinding.ParameterBinder|Done attempting to validate the bound parameter 'bid' of type 'BiddingService.Models.Bid'.
2024-05-14 13:33:05.0167|DEBUG|Microsoft.AspNetCore.Mvc.Infrastructure.DefaultOutputFormatterSelector|List of registered output formatters, in the following order: Microsoft.AspNetCore.Mvc.Formatters.HttpNoContentOutputFormatter, Microsoft.AspNetCore.Mvc.Formatters.StringOutputFormatter, Microsoft.AspNetCore.Mvc.Formatters.StreamOutputFormatter, Microsoft.AspNetCore.Mvc.Formatters.SystemTextJsonOutputFormatter
2024-05-14 13:33:05.0167|DEBUG|Microsoft.AspNetCore.Mvc.Infrastructure.DefaultOutputFormatterSelector|No information found on request to perform content negotiation.
2024-05-14 13:33:05.0167|DEBUG|Microsoft.AspNetCore.Mvc.Infrastructure.DefaultOutputFormatterSelector|Attempting to select an output formatter without using a content type as no explicit content types were specified for the response.
2024-05-14 13:33:05.0167|DEBUG|Microsoft.AspNetCore.Mvc.Infrastructure.DefaultOutputFormatterSelector|Attempting to select the first formatter in the output formatters list which can write the result.
2024-05-14 13:33:05.0167|DEBUG|Microsoft.AspNetCore.Mvc.Infrastructure.DefaultOutputFormatterSelector|Selected output formatter 'Microsoft.AspNetCore.Mvc.Formatters.SystemTextJsonOutputFormatter' and content type 'application/json' to write the response.
2024-05-14 13:33:05.0167|INFO|Microsoft.AspNetCore.Mvc.Infrastructure.ObjectResultExecutor|Executing OkObjectResult, writing value of type 'BiddingService.Models.Bid'.
2024-05-14 13:33:05.0181|INFO|Microsoft.AspNetCore.Mvc.Infrastructure.ControllerActionInvoker|Executed action BiddingService.Controllers.BiddingController.PlaceBid (BiddingService) in 201.4281ms
2024-05-14 13:33:05.0181|INFO|Microsoft.AspNetCore.Routing.EndpointMiddleware|Executed endpoint 'BiddingService.Controllers.BiddingController.PlaceBid (BiddingService)'
2024-05-14 13:33:05.0181|INFO|Microsoft.AspNetCore.Hosting.Diagnostics|Request finished HTTP/2 POST https://localhost:7241/api/Bidding - 200 - application/json;+charset=utf-8 222.6581ms
2024-05-14 13:33:14.3879|DEBUG|Microsoft.AspNetCore.Server.Kestrel.Transport.Sockets|Connection id "0HN3K0CQSJS9B" received FIN.
2024-05-14 13:33:14.3951|DEBUG|Microsoft.AspNetCore.Server.Kestrel.Http2|Connection id "0HN3K0CQSJS9B" is closed. The last processed stream ID was 1.
2024-05-14 13:33:14.3951|DEBUG|Microsoft.AspNetCore.Server.Kestrel.Transport.Sockets|Connection id "0HN3K0CQSJS9B" sending FIN because: "The Socket transport's send loop completed gracefully."
2024-05-14 13:33:14.3951|DEBUG|Microsoft.AspNetCore.Server.Kestrel.Http2|The connection queue processing loop for 0HN3K0CQSJS9B completed.
2024-05-14 13:33:14.3951|DEBUG|Microsoft.AspNetCore.Server.Kestrel.Connections|Connection id "0HN3K0CQSJS9B" stopped.
2024-05-14 13:33:52.7926|DEBUG|Microsoft.AspNetCore.Server.Kestrel.Connections|Connection id "0HN3K0CQSJS9C" accepted.
2024-05-14 13:33:52.7926|DEBUG|Microsoft.AspNetCore.Server.Kestrel.Connections|Connection id "0HN3K0CQSJS9C" started.
2024-05-14 13:33:52.7926|DEBUG|Microsoft.AspNetCore.Server.Kestrel.Https.Internal.HttpsConnectionMiddleware|Connection 0HN3K0CQSJS9C established using the following protocol: Tls12
2024-05-14 13:33:52.7926|INFO|Microsoft.AspNetCore.Hosting.Diagnostics|Request starting HTTP/2 POST https://localhost:7241/api/Notification - application/json 179
2024-05-14 13:33:52.7926|DEBUG|Microsoft.AspNetCore.Routing.Matching.DfaMatcher|1 candidate(s) found for the request path '/api/Notification'
2024-05-14 13:33:52.7926|DEBUG|Microsoft.AspNetCore.Routing.Matching.DfaMatcher|Endpoint 'BiddingService.Controllers.NotificationController.GetNotification (BiddingService)' with route pattern 'api/Notification' is valid for the request path '/api/Notification'
2024-05-14 13:33:52.7926|DEBUG|Microsoft.AspNetCore.Routing.EndpointRoutingMiddleware|Request matched endpoint 'BiddingService.Controllers.NotificationController.GetNotification (BiddingService)'
2024-05-14 13:33:52.7926|DEBUG|Microsoft.AspNetCore.StaticFiles.StaticFileMiddleware|Static files was skipped as the request already matched an endpoint.
2024-05-14 13:33:52.8035|DEBUG|Microsoft.AspNetCore.Authentication.JwtBearer.JwtBearerHandler|AuthenticationScheme: Bearer was not authenticated.
2024-05-14 13:33:52.8035|INFO|Microsoft.AspNetCore.Routing.EndpointMiddleware|Executing endpoint 'BiddingService.Controllers.NotificationController.GetNotification (BiddingService)'
2024-05-14 13:33:52.8273|INFO|Microsoft.AspNetCore.Mvc.Infrastructure.ControllerActionInvoker|Route matched with {action = "GetNotification", controller = "Notification"}. Executing controller action with signature System.Threading.Tasks.Task`1[Microsoft.AspNetCore.Mvc.IActionResult] GetNotification(BiddingService.Models.Notification) on controller BiddingService.Controllers.NotificationController (BiddingService).
2024-05-14 13:33:52.8343|DEBUG|Microsoft.AspNetCore.Mvc.Infrastructure.ControllerActionInvoker|Execution plan of authorization filters (in the following order): None
2024-05-14 13:33:52.8343|DEBUG|Microsoft.AspNetCore.Mvc.Infrastructure.ControllerActionInvoker|Execution plan of resource filters (in the following order): None
2024-05-14 13:33:52.8343|DEBUG|Microsoft.AspNetCore.Mvc.Infrastructure.ControllerActionInvoker|Execution plan of action filters (in the following order): Microsoft.AspNetCore.Mvc.ModelBinding.UnsupportedContentTypeFilter (Order: -3000), Microsoft.AspNetCore.Mvc.Infrastructure.ModelStateInvalidFilter (Order: -2000)
2024-05-14 13:33:52.8343|DEBUG|Microsoft.AspNetCore.Mvc.Infrastructure.ControllerActionInvoker|Execution plan of exception filters (in the following order): None
2024-05-14 13:33:52.8343|DEBUG|Microsoft.AspNetCore.Mvc.Infrastructure.ControllerActionInvoker|Execution plan of result filters (in the following order): Microsoft.AspNetCore.Mvc.Infrastructure.ClientErrorResultFilter (Order: -2000)
2024-05-14 13:33:52.8343|DEBUG|Microsoft.AspNetCore.Mvc.Infrastructure.ControllerActionInvoker|Executing controller factory for controller BiddingService.Controllers.NotificationController (BiddingService)
2024-05-14 13:33:52.8343|DEBUG|Microsoft.AspNetCore.Mvc.Infrastructure.ControllerActionInvoker|Executed controller factory for controller BiddingService.Controllers.NotificationController (BiddingService)
2024-05-14 13:33:52.8343|DEBUG|Microsoft.AspNetCore.Mvc.ModelBinding.ParameterBinder|Attempting to bind parameter 'receivedNotification' of type 'BiddingService.Models.Notification' ...
2024-05-14 13:33:52.8343|DEBUG|Microsoft.AspNetCore.Mvc.ModelBinding.Binders.BodyModelBinder|Attempting to bind parameter 'receivedNotification' of type 'BiddingService.Models.Notification' using the name '' in request data ...
2024-05-14 13:33:52.8343|DEBUG|Microsoft.AspNetCore.Mvc.ModelBinding.Binders.BodyModelBinder|Selected input formatter 'Microsoft.AspNetCore.Mvc.Formatters.SystemTextJsonInputFormatter' for content type 'application/json'.
2024-05-14 13:33:52.8343|DEBUG|Microsoft.AspNetCore.Server.Kestrel|Connection id "0HN3K0CQSJS9C", Request id "0HN3K0CQSJS9C:00000001": started reading request body.
2024-05-14 13:33:52.8343|DEBUG|Microsoft.AspNetCore.Server.Kestrel|Connection id "0HN3K0CQSJS9C", Request id "0HN3K0CQSJS9C:00000001": done reading request body.
2024-05-14 13:33:52.8343|DEBUG|Microsoft.AspNetCore.Mvc.Formatters.SystemTextJsonInputFormatter|JSON input formatter succeeded, deserializing to type 'BiddingService.Models.Notification'
2024-05-14 13:33:52.8343|DEBUG|Microsoft.AspNetCore.Mvc.ModelBinding.Binders.BodyModelBinder|Done attempting to bind parameter 'receivedNotification' of type 'BiddingService.Models.Notification'.
2024-05-14 13:33:52.8343|DEBUG|Microsoft.AspNetCore.Mvc.ModelBinding.ParameterBinder|Done attempting to bind parameter 'receivedNotification' of type 'BiddingService.Models.Notification'.
2024-05-14 13:33:52.8343|DEBUG|Microsoft.AspNetCore.Mvc.ModelBinding.ParameterBinder|Attempting to validate the bound parameter 'receivedNotification' of type 'BiddingService.Models.Notification' ...
2024-05-14 13:33:52.8343|DEBUG|Microsoft.AspNetCore.Mvc.ModelBinding.ParameterBinder|Done attempting to validate the bound parameter 'receivedNotification' of type 'BiddingService.Models.Notification'.
2024-05-14 13:33:52.8758|DEBUG|Microsoft.AspNetCore.Mvc.Infrastructure.DefaultOutputFormatterSelector|List of registered output formatters, in the following order: Microsoft.AspNetCore.Mvc.Formatters.HttpNoContentOutputFormatter, Microsoft.AspNetCore.Mvc.Formatters.StringOutputFormatter, Microsoft.AspNetCore.Mvc.Formatters.StreamOutputFormatter, Microsoft.AspNetCore.Mvc.Formatters.SystemTextJsonOutputFormatter
2024-05-14 13:33:52.8758|DEBUG|Microsoft.AspNetCore.Mvc.Infrastructure.DefaultOutputFormatterSelector|No information found on request to perform content negotiation.
2024-05-14 13:33:52.8758|DEBUG|Microsoft.AspNetCore.Mvc.Infrastructure.DefaultOutputFormatterSelector|Attempting to select an output formatter without using a content type as no explicit content types were specified for the response.
2024-05-14 13:33:52.8758|DEBUG|Microsoft.AspNetCore.Mvc.Infrastructure.DefaultOutputFormatterSelector|Attempting to select the first formatter in the output formatters list which can write the result.
2024-05-14 13:33:52.8758|DEBUG|Microsoft.AspNetCore.Mvc.Infrastructure.DefaultOutputFormatterSelector|Selected output formatter 'Microsoft.AspNetCore.Mvc.Formatters.SystemTextJsonOutputFormatter' and content type 'application/json' to write the response.
2024-05-14 13:33:52.8758|INFO|Microsoft.AspNetCore.Mvc.Infrastructure.ObjectResultExecutor|Executing OkObjectResult, writing value of type 'BiddingService.Models.Notification'.
2024-05-14 13:33:52.8797|INFO|Microsoft.AspNetCore.Mvc.Infrastructure.ControllerActionInvoker|Executed action BiddingService.Controllers.NotificationController.GetNotification (BiddingService) in 45.0379ms
2024-05-14 13:33:52.8797|INFO|Microsoft.AspNetCore.Routing.EndpointMiddleware|Executed endpoint 'BiddingService.Controllers.NotificationController.GetNotification (BiddingService)'
2024-05-14 13:33:52.8797|INFO|Microsoft.AspNetCore.Hosting.Diagnostics|Request finished HTTP/2 POST https://localhost:7241/api/Notification - 200 - application/json;+charset=utf-8 85.7327ms
2024-05-14 13:33:54.4155|DEBUG|Microsoft.AspNetCore.Server.Kestrel.Transport.Sockets|Connection id "0HN3K0CQSJS9C" received FIN.
2024-05-14 13:33:54.4155|DEBUG|Microsoft.AspNetCore.Server.Kestrel.Http2|Connection id "0HN3K0CQSJS9C" is closed. The last processed stream ID was 1.
2024-05-14 13:33:54.4155|DEBUG|Microsoft.AspNetCore.Server.Kestrel.Transport.Sockets|Connection id "0HN3K0CQSJS9C" sending FIN because: "The Socket transport's send loop completed gracefully."
2024-05-14 13:33:54.4155|DEBUG|Microsoft.AspNetCore.Server.Kestrel.Http2|The connection queue processing loop for 0HN3K0CQSJS9C completed.
2024-05-14 13:33:54.4155|DEBUG|Microsoft.AspNetCore.Server.Kestrel.Connections|Connection id "0HN3K0CQSJS9C" stopped.
2024-05-14 13:37:23.7422|INFO|Microsoft.Hosting.Lifetime|Application is shutting down...
2024-05-14 13:37:23.7422|DEBUG|Microsoft.Extensions.Hosting.Internal.Host|Hosting stopping
2024-05-14 13:37:23.7592|DEBUG|Microsoft.Extensions.Hosting.Internal.Host|Hosting stopped
